<?xml version="1.0" encoding="UTF-8"?>
<!-- Generated by org.testng.reporters.JUnitReportReporter -->
<testsuite hostname="DESKTOP-MK0GFHQ" failures="0" tests="6" name="com.aina.mobile.android.test.collectapplysample.CollectAndApplySampleTest" time="578.776" errors="0" timestamp="2024-06-20T16:24:16 IST" skipped="0">
  <testcase classname="com.aina.mobile.android.test.collectapplysample.CollectAndApplySampleTest" name="TC_087" time="102.218"/>
  <system-out/>
  <testcase classname="com.aina.mobile.android.test.collectapplysample.CollectAndApplySampleTest" name="TC_086" time="68.657"/>
  <system-out/>
  <testcase classname="com.aina.mobile.android.test.collectapplysample.CollectAndApplySampleTest" name="TC_100" time="102.784"/>
  <system-out/>
  <testcase classname="com.aina.mobile.android.test.collectapplysample.CollectAndApplySampleTest" name="TC_094" time="104.755"/>
  <system-out/>
  <testcase classname="com.aina.mobile.android.test.collectapplysample.CollectAndApplySampleTest" name="TC_085" time="73.176"/>
  <system-out/>
  <testcase classname="com.aina.mobile.android.test.collectapplysample.CollectAndApplySampleTest" name="TC_093" time="127.186"/>
  <system-out/>
</testsuite> <!-- com.aina.mobile.android.test.collectapplysample.CollectAndApplySampleTest -->
