<?xml version="1.0" encoding="UTF-8"?>
<!-- Generated by org.testng.reporters.JUnitReportReporter -->
<testsuite hostname="DESKTOP-MK0GFHQ" failures="0" tests="1" name="com.aina.mobile.android.test.permissions.PermisionTest" time="13.465" errors="0" timestamp="2024-06-07T13:34:48 IST" skipped="0">
  <testcase classname="com.aina.mobile.android.test.permissions.PermisionTest" name="TC_015" time="13.465"/>
  <system-out/>
</testsuite> <!-- com.aina.mobile.android.test.permissions.PermisionTest -->
