<?xml version="1.0" encoding="UTF-8"?>
<!-- Generated by org.testng.reporters.JUnitReportReporter -->
<testsuite hostname="PraveenNaik" failures="0" tests="1" name="com.aina.mobile.android.test.insertstrip.InsertStripTest" time="14.474" errors="0" timestamp="2025-07-01T17:01:15 IST" skipped="0">
  <testcase classname="com.aina.mobile.android.test.insertstrip.InsertStripTest" name="TC_001" time="14.474"/>
  <system-out/>
</testsuite> <!-- com.aina.mobile.android.test.insertstrip.InsertStripTest -->
