<?xml version="1.0" encoding="UTF-8"?>
<!-- Generated by org.testng.reporters.JUnitReportReporter -->
<testsuite hostname="DESKTOP-MK0GFHQ" failures="0" tests="1" name="bs.mobile.android.test.login.GettingStarted" time="0.507" errors="0" timestamp="2024-05-30T12:47:59 IST" skipped="0">
  <testcase classname="bs.mobile.android.test.login.GettingStarted" name="loginIntoApp" time="0.507"/>
  <system-out/>
</testsuite> <!-- bs.mobile.android.test.login.GettingStarted -->
